<?xml version="1.0" encoding="UTF-8"?>
<testsuite name="com.javalinkedlist.BinaryTest" tests="1" skipped="0" failures="0" errors="0" timestamp="2021-06-28T14:43:59" hostname="DESKTOP-4QDC4A3" time="0.004">
  <properties/>
  <testcase name="given13_NumbersWhenaddedToTheBinaryTree_ShouldReturnSize13" classname="com.javalinkedlist.BinaryTest" time="0.004"/>
  <system-out><![CDATA[]]></system-out>
  <system-err><![CDATA[]]></system-err>
</testsuite>
