<?xml version="1.0" encoding="UTF-8"?>
<testsuite name="com.javalinkedlist.StackTest" tests="1" skipped="0" failures="0" errors="0" timestamp="2021-06-18T07:40:08" hostname="DESKTOP-4QDC4A3" time="0.021">
  <properties/>
  <testcase name="given3NumberswhenAddedToStackShouldReturnTrue" classname="com.javalinkedlist.StackTest" time="0.021"/>
  <system-out><![CDATA[My Nodes: 56->30->70
]]></system-out>
  <system-err><![CDATA[]]></system-err>
</testsuite>
