<?xml version="1.0" encoding="UTF-8"?>
<testsuite name="com.javalinkedlist.QueueTest" tests="1" skipped="0" failures="0" errors="0" timestamp="2021-06-18T16:31:03" hostname="DESKTOP-4QDC4A3" time="0.014">
  <properties/>
  <testcase name="given3NumbersWhenDeletePeakOfQueueShouldReturnTrue" classname="com.javalinkedlist.QueueTest" time="0.014"/>
  <system-out><![CDATA[My Nodes: 30->70
]]></system-out>
  <system-err><![CDATA[]]></system-err>
</testsuite>
